c:\users\admin\desktop\rainbow-engine\bin-intermediate\win32-debug\rainbowengine\rainbowengine.pch
c:\users\admin\desktop\rainbow-engine\bin-intermediate\win32-debug\rainbowengine\rainbowengine.pdb
c:\users\admin\desktop\rainbow-engine\bin-intermediate\win32-debug\rainbowengine\rainbowengine.idb
c:\users\admin\desktop\rainbow-engine\bin-intermediate\win32-debug\rainbowengine\rainbow_pch.obj
c:\users\admin\desktop\rainbow-engine\bin-intermediate\win32-debug\rainbowengine\meshfactory.obj
c:\users\admin\desktop\rainbow-engine\bin-intermediate\win32-debug\rainbowengine\object.obj
c:\users\admin\desktop\rainbow-engine\bin-intermediate\win32-debug\rainbowengine\objectfactory.obj
c:\users\admin\desktop\rainbow-engine\bin-intermediate\win32-debug\rainbowengine\physicobject.obj
c:\users\admin\desktop\rainbow-engine\bin-intermediate\win32-debug\rainbowengine\positionable.obj
c:\users\admin\desktop\rainbow-engine\bin-intermediate\win32-debug\rainbowengine\renderer.obj
c:\users\admin\desktop\rainbow-engine\bin-intermediate\win32-debug\rainbowengine\scene.obj
c:\users\admin\desktop\rainbow-engine\bin-intermediate\win32-debug\rainbowengine\shader.obj
c:\users\admin\desktop\rainbow-engine\bin-intermediate\win32-debug\rainbowengine\sound.obj
c:\users\admin\desktop\rainbow-engine\bin-intermediate\win32-debug\rainbowengine\soundcontext.obj
c:\users\admin\desktop\rainbow-engine\bin-intermediate\win32-debug\rainbowengine\soundmanager.obj
c:\users\admin\desktop\rainbow-engine\bin-intermediate\win32-debug\rainbowengine\texture.obj
c:\users\admin\desktop\rainbow-engine\bin-intermediate\win32-debug\rainbowengine\vertexarray.obj
c:\users\admin\desktop\rainbow-engine\bin-intermediate\win32-debug\rainbowengine\vertexbuffer.obj
c:\users\admin\desktop\rainbow-engine\bin-intermediate\win32-debug\rainbowengine\glm.obj
c:\users\admin\desktop\rainbow-engine\bin-intermediate\win32-debug\rainbowengine\imgui.obj
c:\users\admin\desktop\rainbow-engine\bin-intermediate\win32-debug\rainbowengine\imgui_demo.obj
c:\users\admin\desktop\rainbow-engine\bin-intermediate\win32-debug\rainbowengine\imgui_draw.obj
c:\users\admin\desktop\rainbow-engine\bin-intermediate\win32-debug\rainbowengine\imgui_impl_glfw_gl3.obj
c:\users\admin\desktop\rainbow-engine\bin-intermediate\win32-debug\rainbowengine\stb_image.obj
c:\users\admin\desktop\rainbow-engine\bin-intermediate\win32-debug\rainbowengine\application.obj
c:\users\admin\desktop\rainbow-engine\bin-intermediate\win32-debug\rainbowengine\camera.obj
c:\users\admin\desktop\rainbow-engine\bin-intermediate\win32-debug\rainbowengine\force.obj
c:\users\admin\desktop\rainbow-engine\bin-intermediate\win32-debug\rainbowengine\indexbuffer.obj
c:\users\admin\desktop\rainbow-engine\bin-intermediate\win32-debug\rainbowengine\light.obj
c:\users\admin\desktop\rainbow-engine\bin-intermediate\win32-debug\rainbowengine\macros.obj
c:\users\admin\desktop\rainbow-engine\bin-intermediate\win32-debug\rainbowengine\material.obj
c:\users\admin\desktop\rainbow-engine\bin-intermediate\win32-debug\rainbowengine\mesh.obj
c:\users\admin\desktop\rainbow-engine\bin\win32-debug\rainbowengine\rainbowengine.lib
c:\users\admin\desktop\rainbow-engine\\bin\win32-debug\rainbowengine\rainbowengine.pdb
c:\users\admin\desktop\rainbow-engine\\bin\win32-debug\rainbowengine\rainbowengine.lib
c:\users\admin\desktop\rainbow-engine\bin-intermediate\win32-debug\rainbowengine\rainbowengine.tlog\cl.command.1.tlog
c:\users\admin\desktop\rainbow-engine\bin-intermediate\win32-debug\rainbowengine\rainbowengine.tlog\cl.read.1.tlog
c:\users\admin\desktop\rainbow-engine\bin-intermediate\win32-debug\rainbowengine\rainbowengine.tlog\cl.write.1.tlog
c:\users\admin\desktop\rainbow-engine\bin-intermediate\win32-debug\rainbowengine\rainbowengine.tlog\lib-link.read.1.tlog
c:\users\admin\desktop\rainbow-engine\bin-intermediate\win32-debug\rainbowengine\rainbowengine.tlog\lib-link.write.1.tlog
c:\users\admin\desktop\rainbow-engine\bin-intermediate\win32-debug\rainbowengine\rainbowengine.tlog\lib.command.1.tlog
