c:\users\admin\desktop\rainbow-engine\bin-intermediate\win32-release\rainbowengine\rainbowengine.pch
c:\users\admin\desktop\rainbow-engine\bin-intermediate\win32-release\rainbowengine\rainbowengine.pdb
c:\users\admin\desktop\rainbow-engine\bin-intermediate\win32-release\rainbowengine\rainbow_pch.obj
c:\users\admin\desktop\rainbow-engine\bin-intermediate\win32-release\rainbowengine\imgui_impl_glfw_gl3.obj
c:\users\admin\desktop\rainbow-engine\bin-intermediate\win32-release\rainbowengine\imgui_draw.obj
c:\users\admin\desktop\rainbow-engine\bin-intermediate\win32-release\rainbowengine\imgui_demo.obj
c:\users\admin\desktop\rainbow-engine\bin-intermediate\win32-release\rainbowengine\imgui.obj
c:\users\admin\desktop\rainbow-engine\bin-intermediate\win32-release\rainbowengine\glm.obj
c:\users\admin\desktop\rainbow-engine\bin-intermediate\win32-release\rainbowengine\soundmanager.obj
c:\users\admin\desktop\rainbow-engine\bin-intermediate\win32-release\rainbowengine\soundcontext.obj
c:\users\admin\desktop\rainbow-engine\bin-intermediate\win32-release\rainbowengine\sound.obj
c:\users\admin\desktop\rainbow-engine\bin-intermediate\win32-release\rainbowengine\application.obj
c:\users\admin\desktop\rainbow-engine\bin\win32-release\rainbowengine\rainbowengine.lib
c:\users\admin\desktop\rainbow-engine\\bin\win32-release\rainbowengine\rainbowengine.lib
c:\users\admin\desktop\rainbow-engine\bin-intermediate\win32-release\rainbowengine\rainbowengine.tlog\cl.command.1.tlog
c:\users\admin\desktop\rainbow-engine\bin-intermediate\win32-release\rainbowengine\rainbowengine.tlog\cl.read.1.tlog
c:\users\admin\desktop\rainbow-engine\bin-intermediate\win32-release\rainbowengine\rainbowengine.tlog\cl.write.1.tlog
c:\users\admin\desktop\rainbow-engine\bin-intermediate\win32-release\rainbowengine\rainbowengine.tlog\lib-link.read.1.tlog
c:\users\admin\desktop\rainbow-engine\bin-intermediate\win32-release\rainbowengine\rainbowengine.tlog\lib-link.write.1.tlog
c:\users\admin\desktop\rainbow-engine\bin-intermediate\win32-release\rainbowengine\rainbowengine.tlog\lib.command.1.tlog
